<?xml version="1.0" encoding="UTF-8"?>
<!-- Generated by org.testng.reporters.JUnitReportReporter -->
<testsuite hostname="DESKTOP-T6UDSL0" failures="0" tests="5" name="Pharmacy.Masterdata" time="147.769" errors="0" timestamp="2025-08-02T20:48:59 IST" skipped="0">
  <testcase classname="Pharmacy.Masterdata" name="brandmasters" time="32.423"/>
  <testcase classname="Pharmacy.Masterdata" name="medicinetype" time="34.171"/>
  <testcase classname="Pharmacy.Masterdata" name="manufactures" time="23.856"/>
  <testcase classname="Pharmacy.Masterdata" name="distributor" time="49.832"/>
  <testcase classname="Pharmacy.Masterdata" name="currentstock" time="7.487"/>
</testsuite> <!-- Pharmacy.Masterdata -->
