<?xml version="1.0" encoding="UTF-8"?>
<!-- Generated by org.testng.reporters.JUnitReportReporter -->
<testsuite hostname="DESKTOP-T6UDSL0" failures="0" tests="2" name="StepDefinitions.DoctorFavDischargeSummary" time="89.229" errors="0" timestamp="2024-12-18T20:52:07 IST" skipped="0">
  <testcase classname="StepDefinitions.DoctorFavDischargeSummary" name="DocFavDS" time="12.523"/>
  <testcase classname="StepDefinitions.DoctorFavDischargeSummary" name="CreatingDocFavDS" time="76.706"/>
</testsuite> <!-- StepDefinitions.DoctorFavDischargeSummary -->
