<?xml version="1.0" encoding="UTF-8"?>
<!-- Generated by org.testng.reporters.JUnitReportReporter -->
<testsuite hostname="DESKTOP-T6UDSL0" failures="0" tests="2" name="StepDefinitions.DoctorFavPrescription" time="154.492" errors="0" timestamp="2024-12-18T20:55:47 IST" skipped="0">
  <testcase classname="StepDefinitions.DoctorFavPrescription" name="FavPs" time="12.307"/>
  <testcase classname="StepDefinitions.DoctorFavPrescription" name="Createanewfavprescription" time="142.185"/>
</testsuite> <!-- StepDefinitions.DoctorFavPrescription -->
